<?xml version="1.0" encoding="UTF-8"?>
<!-- Generated by org.testng.reporters.JUnitXMLReporter -->
<testsuite ignored="2" hostname="AHMEDs-MacBook-Air.local" failures="0" tests="1" name="Default test" time="3.319" errors="0" timestamp="2022-02-20T18:21:43 EST">
  <testcase classname="apiTests.PetStoreAPI_Tests" name="getPetByID" time="3.24"/>
  <testcase classname="apiTests.PetStoreAPI_Tests" name="justPrintingSomehing" time="0.0">
    <ignored/>
  </testcase> <!-- justPrintingSomehing -->
  <testcase classname="apiTests.PetStoreAPI_Tests" name="createAPet" time="0.0">
    <ignored/>
  </testcase> <!-- createAPet -->
</testsuite> <!-- Default test -->
