<?xml version="1.0" encoding="UTF-8"?>
<!-- Generated by org.testng.reporters.JUnitXMLReporter -->
<testsuite ignored="0" hostname="AHMEDs-MacBook-Air.local" failures="0" tests="3" name="API_SmokeTests" time="4.724" errors="0" timestamp="2022-02-20T18:08:33 EST">
  <testcase classname="apiTests.PetStoreAPI_Tests" name="createAPet" time="4.147"/>
  <testcase classname="apiTests.PetStoreAPI_Tests" name="getPetByID" time="0.26"/>
  <testcase classname="apiTests.PetStoreAPI_Tests" name="justPrintingSomehing" time="0.242"/>
</testsuite> <!-- API_SmokeTests -->
